<?xml version="1.0" encoding="UTF-8"?>
<!-- Generated by org.testng.reporters.JUnitReportReporter -->
<testsuite hostname="yuxiangs-Air.home" name="com.buxie.selenium.testNGfun.RunWithTestNG" tests="1" failures="0" timestamp="14 Sep 2016 01:01:33 GMT" time="73.329" errors="0">
  <testcase name="testSearchFromPodcast" time="73.329" classname="com.buxie.selenium.testNGfun.RunWithTestNG"/>
</testsuite> <!-- com.buxie.selenium.testNGfun.RunWithTestNG -->
