<?xml version="1.0" encoding="UTF-8"?>
<!-- Generated by org.testng.reporters.JUnitReportReporter -->
<testsuite hostname="yuxiangs-Air.home" name="com.buxie.selenium.testNGfun.TestFileUploadDownload" tests="1" failures="0" timestamp="24 Aug 2016 13:54:36 GMT" time="31.806" errors="0">
  <testcase name="testUpload" time="31.806" classname="com.buxie.selenium.testNGfun.TestFileUploadDownload"/>
</testsuite> <!-- com.buxie.selenium.testNGfun.TestFileUploadDownload -->
